build/outputs/logs/manifest-merger-debug-report.txt
-- Merging decision tree log ---
manifest
ADDED from AndroidStudioProjects\Studytest18newscourse4vipchart2kaoyanClient\AndroidManifest.xml:2:1-86:12
INJECTED from AndroidStudioProjects\Studytest18newscourse4vipchart2kaoyanClient\AndroidManifest.xml:2:1-86:12
INJECTED from AndroidStudioProjects\Studytest18newscourse4vipchart2kaoyanClient\AndroidManifest.xml:2:1-86:12
INJECTED from AndroidStudioProjects\Studytest18newscourse4vipchart2kaoyanClient\AndroidManifest.xml:2:1-86:12
INJECTED from AndroidStudioProjects\Studytest18newscourse4vipchart2kaoyanClient\AndroidManifest.xml:2:1-86:12
	package
		ADDED from AndroidStudioProjects\Studytest18newscourse4vipchart2kaoyanClient\AndroidManifest.xml:4:5-31
	android:versionName
		ADDED from AndroidStudioProjects\Studytest18newscourse4vipchart2kaoyanClient\AndroidManifest.xml:7:5-32
		INJECTED from AndroidStudioProjects\Studytest18newscourse4vipchart2kaoyanClient\AndroidManifest.xml
		INJECTED from AndroidStudioProjects\Studytest18newscourse4vipchart2kaoyanClient\AndroidManifest.xml
	xmlns:tools
		ADDED from AndroidStudioProjects\Studytest18newscourse4vipchart2kaoyanClient\AndroidManifest.xml:3:5-51
	android:hardwareAccelerated
		ADDED from AndroidStudioProjects\Studytest18newscourse4vipchart2kaoyanClient\AndroidManifest.xml:5:5-39
	xmlns:android
		ADDED from AndroidStudioProjects\Studytest18newscourse4vipchart2kaoyanClient\AndroidManifest.xml:2:11-69
	android:versionCode
		ADDED from AndroidStudioProjects\Studytest18newscourse4vipchart2kaoyanClient\AndroidManifest.xml:6:5-29
		INJECTED from AndroidStudioProjects\Studytest18newscourse4vipchart2kaoyanClient\AndroidManifest.xml
		INJECTED from AndroidStudioProjects\Studytest18newscourse4vipchart2kaoyanClient\AndroidManifest.xml
supports-screens
ADDED from AndroidStudioProjects\Studytest18newscourse4vipchart2kaoyanClient\AndroidManifest.xml:9:5-15:40
	android:largeScreens
		ADDED from AndroidStudioProjects\Studytest18newscourse4vipchart2kaoyanClient\AndroidManifest.xml:11:9-36
	android:smallScreens
		ADDED from AndroidStudioProjects\Studytest18newscourse4vipchart2kaoyanClient\AndroidManifest.xml:14:9-36
	android:normalScreens
		ADDED from AndroidStudioProjects\Studytest18newscourse4vipchart2kaoyanClient\AndroidManifest.xml:12:9-37
	android:xlargeScreens
		ADDED from AndroidStudioProjects\Studytest18newscourse4vipchart2kaoyanClient\AndroidManifest.xml:15:9-37
	android:resizeable
		ADDED from AndroidStudioProjects\Studytest18newscourse4vipchart2kaoyanClient\AndroidManifest.xml:13:9-34
	android:anyDensity
		ADDED from AndroidStudioProjects\Studytest18newscourse4vipchart2kaoyanClient\AndroidManifest.xml:10:9-34
application
ADDED from AndroidStudioProjects\Studytest18newscourse4vipchart2kaoyanClient\AndroidManifest.xml:17:5-47:19
	android:label
		ADDED from AndroidStudioProjects\Studytest18newscourse4vipchart2kaoyanClient\AndroidManifest.xml:20:9-41
	android:hardwareAccelerated
		ADDED from AndroidStudioProjects\Studytest18newscourse4vipchart2kaoyanClient\AndroidManifest.xml:18:9-43
	android:icon
		ADDED from AndroidStudioProjects\Studytest18newscourse4vipchart2kaoyanClient\AndroidManifest.xml:19:9-38
activity#com.ideabobo.gap.MainActivity
ADDED from AndroidStudioProjects\Studytest18newscourse4vipchart2kaoyanClient\AndroidManifest.xml:21:9-34:20
	android:screenOrientation
		ADDED from AndroidStudioProjects\Studytest18newscourse4vipchart2kaoyanClient\AndroidManifest.xml:26:13-49
	android:label
		ADDED from AndroidStudioProjects\Studytest18newscourse4vipchart2kaoyanClient\AndroidManifest.xml:24:13-50
	android:launchMode
		ADDED from AndroidStudioProjects\Studytest18newscourse4vipchart2kaoyanClient\AndroidManifest.xml:25:13-43
	android:windowSoftInputMode
		ADDED from AndroidStudioProjects\Studytest18newscourse4vipchart2kaoyanClient\AndroidManifest.xml:28:13-55
	android:configChanges
		ADDED from AndroidStudioProjects\Studytest18newscourse4vipchart2kaoyanClient\AndroidManifest.xml:23:13-90
	android:theme
		ADDED from AndroidStudioProjects\Studytest18newscourse4vipchart2kaoyanClient\AndroidManifest.xml:27:13-66
	android:name
		ADDED from AndroidStudioProjects\Studytest18newscourse4vipchart2kaoyanClient\AndroidManifest.xml:22:13-40
intent-filter#action:name:android.intent.action.MAIN+category:name:android.intent.category.LAUNCHER
ADDED from AndroidStudioProjects\Studytest18newscourse4vipchart2kaoyanClient\AndroidManifest.xml:29:13-33:29
	android:label
		ADDED from AndroidStudioProjects\Studytest18newscourse4vipchart2kaoyanClient\AndroidManifest.xml:29:28-65
action#android.intent.action.MAIN
ADDED from AndroidStudioProjects\Studytest18newscourse4vipchart2kaoyanClient\AndroidManifest.xml:30:17-69
	android:name
		ADDED from AndroidStudioProjects\Studytest18newscourse4vipchart2kaoyanClient\AndroidManifest.xml:30:25-66
category#android.intent.category.LAUNCHER
ADDED from AndroidStudioProjects\Studytest18newscourse4vipchart2kaoyanClient\AndroidManifest.xml:32:17-77
	android:name
		ADDED from AndroidStudioProjects\Studytest18newscourse4vipchart2kaoyanClient\AndroidManifest.xml:32:27-74
meta-data#com.baidu.lbsapi.API_KEY
ADDED from AndroidStudioProjects\Studytest18newscourse4vipchart2kaoyanClient\AndroidManifest.xml:36:9-38:56
	android:value
		ADDED from AndroidStudioProjects\Studytest18newscourse4vipchart2kaoyanClient\AndroidManifest.xml:38:13-53
	android:name
		ADDED from AndroidStudioProjects\Studytest18newscourse4vipchart2kaoyanClient\AndroidManifest.xml:37:13-52
service#com.baidu.location.f
ADDED from AndroidStudioProjects\Studytest18newscourse4vipchart2kaoyanClient\AndroidManifest.xml:40:9-44:19
	android:process
		ADDED from AndroidStudioProjects\Studytest18newscourse4vipchart2kaoyanClient\AndroidManifest.xml:43:13-38
	android:enabled
		ADDED from AndroidStudioProjects\Studytest18newscourse4vipchart2kaoyanClient\AndroidManifest.xml:42:13-35
	android:name
		ADDED from AndroidStudioProjects\Studytest18newscourse4vipchart2kaoyanClient\AndroidManifest.xml:41:13-48
uses-permission#android.permission.CALL_PHONE
ADDED from AndroidStudioProjects\Studytest18newscourse4vipchart2kaoyanClient\AndroidManifest.xml:49:5-69
	android:name
		ADDED from AndroidStudioProjects\Studytest18newscourse4vipchart2kaoyanClient\AndroidManifest.xml:49:22-66
uses-permission#android.permission.CAMERA
ADDED from AndroidStudioProjects\Studytest18newscourse4vipchart2kaoyanClient\AndroidManifest.xml:50:5-65
	android:name
		ADDED from AndroidStudioProjects\Studytest18newscourse4vipchart2kaoyanClient\AndroidManifest.xml:50:22-62
uses-permission#android.permission.VIBRATE
ADDED from AndroidStudioProjects\Studytest18newscourse4vipchart2kaoyanClient\AndroidManifest.xml:51:5-66
	android:name
		ADDED from AndroidStudioProjects\Studytest18newscourse4vipchart2kaoyanClient\AndroidManifest.xml:51:22-63
uses-permission#android.permission.ACCESS_COARSE_LOCATION
ADDED from AndroidStudioProjects\Studytest18newscourse4vipchart2kaoyanClient\AndroidManifest.xml:52:5-81
	android:name
		ADDED from AndroidStudioProjects\Studytest18newscourse4vipchart2kaoyanClient\AndroidManifest.xml:52:22-78
uses-permission#android.permission.ACCESS_FINE_LOCATION
ADDED from AndroidStudioProjects\Studytest18newscourse4vipchart2kaoyanClient\AndroidManifest.xml:53:5-79
	android:name
		ADDED from AndroidStudioProjects\Studytest18newscourse4vipchart2kaoyanClient\AndroidManifest.xml:53:22-76
uses-permission#android.permission.ACCESS_LOCATION_EXTRA_COMMANDS
ADDED from AndroidStudioProjects\Studytest18newscourse4vipchart2kaoyanClient\AndroidManifest.xml:54:5-89
	android:name
		ADDED from AndroidStudioProjects\Studytest18newscourse4vipchart2kaoyanClient\AndroidManifest.xml:54:22-86
uses-permission#android.permission.INTERNET
ADDED from AndroidStudioProjects\Studytest18newscourse4vipchart2kaoyanClient\AndroidManifest.xml:55:5-67
	android:name
		ADDED from AndroidStudioProjects\Studytest18newscourse4vipchart2kaoyanClient\AndroidManifest.xml:55:22-64
uses-permission#android.permission.RECEIVE_SMS
ADDED from AndroidStudioProjects\Studytest18newscourse4vipchart2kaoyanClient\AndroidManifest.xml:56:5-70
	android:name
		ADDED from AndroidStudioProjects\Studytest18newscourse4vipchart2kaoyanClient\AndroidManifest.xml:56:22-67
uses-permission#android.permission.RECORD_AUDIO
ADDED from AndroidStudioProjects\Studytest18newscourse4vipchart2kaoyanClient\AndroidManifest.xml:57:5-71
	android:name
		ADDED from AndroidStudioProjects\Studytest18newscourse4vipchart2kaoyanClient\AndroidManifest.xml:57:22-68
uses-permission#android.permission.RECORD_VIDEO
ADDED from AndroidStudioProjects\Studytest18newscourse4vipchart2kaoyanClient\AndroidManifest.xml:58:5-71
	android:name
		ADDED from AndroidStudioProjects\Studytest18newscourse4vipchart2kaoyanClient\AndroidManifest.xml:58:22-68
uses-permission#android.permission.MODIFY_AUDIO_SETTINGS
ADDED from AndroidStudioProjects\Studytest18newscourse4vipchart2kaoyanClient\AndroidManifest.xml:59:5-80
	android:name
		ADDED from AndroidStudioProjects\Studytest18newscourse4vipchart2kaoyanClient\AndroidManifest.xml:59:22-77
uses-permission#android.permission.READ_CONTACTS
ADDED from AndroidStudioProjects\Studytest18newscourse4vipchart2kaoyanClient\AndroidManifest.xml:60:5-72
	android:name
		ADDED from AndroidStudioProjects\Studytest18newscourse4vipchart2kaoyanClient\AndroidManifest.xml:60:22-69
uses-permission#android.permission.WRITE_CONTACTS
ADDED from AndroidStudioProjects\Studytest18newscourse4vipchart2kaoyanClient\AndroidManifest.xml:61:5-73
	android:name
		ADDED from AndroidStudioProjects\Studytest18newscourse4vipchart2kaoyanClient\AndroidManifest.xml:61:22-70
uses-permission#android.permission.WRITE_EXTERNAL_STORAGE
ADDED from AndroidStudioProjects\Studytest18newscourse4vipchart2kaoyanClient\AndroidManifest.xml:62:5-81
	android:name
		ADDED from AndroidStudioProjects\Studytest18newscourse4vipchart2kaoyanClient\AndroidManifest.xml:62:22-78
uses-permission#android.permission.ACCESS_NETWORK_STATE
ADDED from AndroidStudioProjects\Studytest18newscourse4vipchart2kaoyanClient\AndroidManifest.xml:63:5-79
	android:name
		ADDED from AndroidStudioProjects\Studytest18newscourse4vipchart2kaoyanClient\AndroidManifest.xml:63:22-76
uses-permission#android.permission.WAKE_LOCK
ADDED from AndroidStudioProjects\Studytest18newscourse4vipchart2kaoyanClient\AndroidManifest.xml:64:5-68
	android:name
		ADDED from AndroidStudioProjects\Studytest18newscourse4vipchart2kaoyanClient\AndroidManifest.xml:64:22-65
uses-permission#android.permission.GET_ACCOUNTS
ADDED from AndroidStudioProjects\Studytest18newscourse4vipchart2kaoyanClient\AndroidManifest.xml:65:5-71
	android:name
		ADDED from AndroidStudioProjects\Studytest18newscourse4vipchart2kaoyanClient\AndroidManifest.xml:65:22-68
uses-permission#android.permission.BROADCAST_STICKY
ADDED from AndroidStudioProjects\Studytest18newscourse4vipchart2kaoyanClient\AndroidManifest.xml:66:5-75
	android:name
		ADDED from AndroidStudioProjects\Studytest18newscourse4vipchart2kaoyanClient\AndroidManifest.xml:66:22-72
uses-permission#android.permission.RECEIVE_BOOT_COMPLETED
ADDED from AndroidStudioProjects\Studytest18newscourse4vipchart2kaoyanClient\AndroidManifest.xml:67:5-81
	android:name
		ADDED from AndroidStudioProjects\Studytest18newscourse4vipchart2kaoyanClient\AndroidManifest.xml:67:22-78
uses-permission#android.permission.ACCESS_WIFI_STATE
ADDED from AndroidStudioProjects\Studytest18newscourse4vipchart2kaoyanClient\AndroidManifest.xml:68:5-69:23
	android:name
		ADDED from AndroidStudioProjects\Studytest18newscourse4vipchart2kaoyanClient\AndroidManifest.xml:68:22-73
uses-permission#android.permission.CHANGE_WIFI_STATE
ADDED from AndroidStudioProjects\Studytest18newscourse4vipchart2kaoyanClient\AndroidManifest.xml:70:5-71:23
	android:name
		ADDED from AndroidStudioProjects\Studytest18newscourse4vipchart2kaoyanClient\AndroidManifest.xml:70:22-73
uses-permission#android.permission.READ_PHONE_STATE
ADDED from AndroidStudioProjects\Studytest18newscourse4vipchart2kaoyanClient\AndroidManifest.xml:72:5-73:23
	android:name
		ADDED from AndroidStudioProjects\Studytest18newscourse4vipchart2kaoyanClient\AndroidManifest.xml:72:22-72
uses-permission#android.permission.MOUNT_UNMOUNT_FILESYSTEMS
ADDED from AndroidStudioProjects\Studytest18newscourse4vipchart2kaoyanClient\AndroidManifest.xml:74:5-76:23
	tools:ignore
		ADDED from AndroidStudioProjects\Studytest18newscourse4vipchart2kaoyanClient\AndroidManifest.xml:75:9-44
	android:name
		ADDED from AndroidStudioProjects\Studytest18newscourse4vipchart2kaoyanClient\AndroidManifest.xml:74:22-81
uses-permission#android.permission.READ_LOGS
ADDED from AndroidStudioProjects\Studytest18newscourse4vipchart2kaoyanClient\AndroidManifest.xml:77:5-79:23
	tools:ignore
		ADDED from AndroidStudioProjects\Studytest18newscourse4vipchart2kaoyanClient\AndroidManifest.xml:78:9-44
	android:name
		ADDED from AndroidStudioProjects\Studytest18newscourse4vipchart2kaoyanClient\AndroidManifest.xml:77:22-65
uses-permission#android.permission.GET_TASKS
ADDED from AndroidStudioProjects\Studytest18newscourse4vipchart2kaoyanClient\AndroidManifest.xml:80:5-68
	android:name
		ADDED from AndroidStudioProjects\Studytest18newscourse4vipchart2kaoyanClient\AndroidManifest.xml:80:22-65
uses-permission#getui.permission.GetuiService.com.ideabobo.gap
ADDED from AndroidStudioProjects\Studytest18newscourse4vipchart2kaoyanClient\AndroidManifest.xml:81:5-86
	android:name
		ADDED from AndroidStudioProjects\Studytest18newscourse4vipchart2kaoyanClient\AndroidManifest.xml:81:22-83
uses-feature#android.hardware.camera
ADDED from AndroidStudioProjects\Studytest18newscourse4vipchart2kaoyanClient\AndroidManifest.xml:83:5-60
	android:name
		ADDED from AndroidStudioProjects\Studytest18newscourse4vipchart2kaoyanClient\AndroidManifest.xml:83:19-57
uses-feature#android.hardware.camera.autofocus
ADDED from AndroidStudioProjects\Studytest18newscourse4vipchart2kaoyanClient\AndroidManifest.xml:84:5-70
	android:name
		ADDED from AndroidStudioProjects\Studytest18newscourse4vipchart2kaoyanClient\AndroidManifest.xml:84:19-67
uses-sdk
INJECTED from AndroidStudioProjects\Studytest18newscourse4vipchart2kaoyanClient\AndroidManifest.xml reason: use-sdk injection requested
INJECTED from AndroidStudioProjects\Studytest18newscourse4vipchart2kaoyanClient\AndroidManifest.xml
INJECTED from AndroidStudioProjects\Studytest18newscourse4vipchart2kaoyanClient\AndroidManifest.xml
	android:minSdkVersion
		INJECTED from AndroidStudioProjects\Studytest18newscourse4vipchart2kaoyanClient\AndroidManifest.xml
		ADDED from AndroidStudioProjects\Studytest18newscourse4vipchart2kaoyanClient\AndroidManifest.xml
		INJECTED from AndroidStudioProjects\Studytest18newscourse4vipchart2kaoyanClient\AndroidManifest.xml